<?xml version="1.0" encoding="UTF-8"?>
<!-- Generated by org.testng.reporters.JUnitReportReporter -->
<testsuite hostname="Vinits-Huddl-MacBook-Pro.local" failures="0" tests="2" name="Day36.Annotations" time="0.007" errors="0" timestamp="2022-03-17T18:41:59 IST" skipped="0">
  <testcase classname="Day36.Annotations" name="tm1" time="0.005"/>
  <system-out/>
  <testcase classname="Day36.Annotations" name="tm2" time="0.002"/>
  <system-out/>
</testsuite> <!-- Day36.Annotations -->
