<?xml version="1.0" encoding="UTF-8"?>
<!-- Generated by org.testng.reporters.JUnitReportReporter -->
<testsuite hostname="Vinits-Huddl-MacBook-Pro.local" failures="0" tests="2" name="Day36pack.DBTest1" time="0.006" errors="0" timestamp="2022-03-17T18:37:51 IST" skipped="0">
  <testcase classname="Day36pack.DBTest1" name="test_insert" time="0.005"/>
  <system-out/>
  <testcase classname="Day36pack.DBTest1" name="test_update" time="0.001"/>
  <system-out/>
</testsuite> <!-- Day36pack.DBTest1 -->
