<?xml version="1.0" encoding="UTF-8"?>
<!-- Generated by org.testng.reporters.JUnitReportReporter -->
<testsuite hostname="Vinits-Huddl-MacBook-Pro.local" failures="0" tests="6" name="Day37.GroupingDemo" time="0.011" errors="0" timestamp="2022-03-18T10:48:30 IST" skipped="1">
  <testcase classname="Day37.GroupingDemo" name="loginByfacebook" time="0.006"/>
  <system-out/>
  <testcase classname="Day37.GroupingDemo" name="loginBytwitter" time="0.002"/>
  <system-out/>
  <testcase classname="Day37.GroupingDemo" name="signupByEmail" time="0.001"/>
  <system-out/>
  <testcase classname="Day37.GroupingDemo" name="paymentInRupees" time="0.001"/>
  <system-out/>
  <testcase classname="Day37.GroupingDemo" name="paymentInDolars" time="0.001"/>
  <system-out/>
  <testcase classname="Day37.GroupingDemo" name="loginByEmail">
    <skipped/>
  </testcase> <!-- loginByEmail -->
  <system-out/>
</testsuite> <!-- Day37.GroupingDemo -->
