<?xml version="1.0" encoding="UTF-8"?>
<!-- Generated by org.testng.reporters.JUnitReportReporter -->
<testsuite hostname="Vinits-Huddl-MacBook-Pro.local" failures="0" tests="2" name="Day36.Annotations2" time="0.006" errors="0" timestamp="2022-03-17T18:31:10 IST" skipped="0">
  <testcase classname="Day36.Annotations2" name="search" time="0.005"/>
  <system-out/>
  <testcase classname="Day36.Annotations2" name="advsearch" time="0.001"/>
  <system-out/>
</testsuite> <!-- Day36.Annotations2 -->
